Hmm ... looks like a package
Converting parsed Rd's to LaTeX 
Creating pdf output from LaTeX ...
This is pdfTeX, Version 3.141592653-2.6-1.40.25 (TeX Live 2023) (preloaded format=pdflatex)
 restricted \write18 enabled.
entering extended mode
(./Rd2.tex
LaTeX2e <2022-11-01> patch level 1
L3 programming layer <2023-04-20>
(d:/texlive/2023/texmf-dist/tex/latex/base/book.cls
Document Class: book 2022/07/02 v1.4n Standard LaTeX document class
(d:/texlive/2023/texmf-dist/tex/latex/base/bk10.clo))
(d:/Program Files/R/R-4.4.1/share/texmf/tex/latex/Rd.sty
(d:/texlive/2023/texmf-dist/tex/latex/base/ifthen.sty)
(d:/texlive/2023/texmf-dist/tex/generic/iftex/iftex.sty)
(d:/texlive/2023/texmf-dist/tex/latex/tools/longtable.sty)
(d:/texlive/2023/texmf-dist/tex/latex/tools/bm.sty)
(d:/texlive/2023/texmf-dist/tex/latex/base/alltt.sty)
(d:/texlive/2023/texmf-dist/tex/latex/tools/verbatim.sty)
(d:/texlive/2023/texmf-dist/tex/latex/url/url.sty)
(d:/texlive/2023/texmf-dist/tex/latex/base/textcomp.sty)
(d:/texlive/2023/texmf-dist/tex/latex/amsmath/amsmath.sty
For additional information on amsmath, use the `?' option.
(d:/texlive/2023/texmf-dist/tex/latex/amsmath/amstext.sty
(d:/texlive/2023/texmf-dist/tex/latex/amsmath/amsgen.sty))
(d:/texlive/2023/texmf-dist/tex/latex/amsmath/amsbsy.sty)
(d:/texlive/2023/texmf-dist/tex/latex/amsmath/amsopn.sty))
(d:/texlive/2023/texmf-dist/tex/latex/amsfonts/amsfonts.sty)
(d:/texlive/2023/texmf-dist/tex/latex/amsfonts/amssymb.sty)
(d:/texlive/2023/texmf-dist/tex/latex/jknapltx/mathrsfs.sty)
(d:/texlive/2023/texmf-dist/tex/latex/base/fontenc.sty)
(d:/texlive/2023/texmf-dist/tex/latex/psnfss/times.sty)
(d:/texlive/2023/texmf-dist/tex/latex/inconsolata/zi4.sty
`inconsolata-zi4' v1.12, 2019/05/17 Text macros for Inconsolata (msharpe)
(d:/texlive/2023/texmf-dist/tex/latex/xkeyval/xkeyval.sty
(d:/texlive/2023/texmf-dist/tex/generic/xkeyval/xkeyval.tex
(d:/texlive/2023/texmf-dist/tex/generic/xkeyval/xkvutils.tex
(d:/texlive/2023/texmf-dist/tex/generic/xkeyval/keyval.tex)))))
(d:/texlive/2023/texmf-dist/tex/latex/graphics/color.sty
(d:/texlive/2023/texmf-dist/tex/latex/graphics-cfg/color.cfg)
(d:/texlive/2023/texmf-dist/tex/latex/graphics-def/pdftex.def)
(d:/texlive/2023/texmf-dist/tex/latex/graphics/mathcolor.ltx))
(d:/texlive/2023/texmf-dist/tex/latex/hyperref/hyperref.sty
(d:/texlive/2023/texmf-dist/tex/generic/ltxcmds/ltxcmds.sty)
(d:/texlive/2023/texmf-dist/tex/generic/pdftexcmds/pdftexcmds.sty
(d:/texlive/2023/texmf-dist/tex/generic/infwarerr/infwarerr.sty))
(d:/texlive/2023/texmf-dist/tex/latex/kvsetkeys/kvsetkeys.sty)
(d:/texlive/2023/texmf-dist/tex/generic/kvdefinekeys/kvdefinekeys.sty)
(d:/texlive/2023/texmf-dist/tex/generic/pdfescape/pdfescape.sty)
(d:/texlive/2023/texmf-dist/tex/latex/hycolor/hycolor.sty)
(d:/texlive/2023/texmf-dist/tex/latex/letltxmacro/letltxmacro.sty)
(d:/texlive/2023/texmf-dist/tex/latex/auxhook/auxhook.sty)
(d:/texlive/2023/texmf-dist/tex/latex/hyperref/nameref.sty
(d:/texlive/2023/texmf-dist/tex/latex/refcount/refcount.sty)
(d:/texlive/2023/texmf-dist/tex/generic/gettitlestring/gettitlestring.sty
(d:/texlive/2023/texmf-dist/tex/latex/kvoptions/kvoptions.sty)))
(d:/texlive/2023/texmf-dist/tex/latex/etoolbox/etoolbox.sty)
(d:/texlive/2023/texmf-dist/tex/latex/hyperref/pd1enc.def)
(d:/texlive/2023/texmf-dist/tex/generic/intcalc/intcalc.sty)
(d:/texlive/2023/texmf-dist/tex/latex/hyperref/puenc.def)
(d:/texlive/2023/texmf-dist/tex/generic/bitset/bitset.sty
(d:/texlive/2023/texmf-dist/tex/generic/bigintcalc/bigintcalc.sty))
(d:/texlive/2023/texmf-dist/tex/latex/base/atbegshi-ltx.sty))
(d:/texlive/2023/texmf-dist/tex/latex/hyperref/hpdftex.def
(d:/texlive/2023/texmf-dist/tex/latex/base/atveryend-ltx.sty)
(d:/texlive/2023/texmf-dist/tex/latex/rerunfilecheck/rerunfilecheck.sty
(d:/texlive/2023/texmf-dist/tex/generic/uniquecounter/uniquecounter.sty))))
(d:/texlive/2023/texmf-dist/tex/latex/base/makeidx.sty)
Writing index file Rd2.idx
(d:/texlive/2023/texmf-dist/tex/latex/psnfss/t1ptm.fd)
(d:/texlive/2023/texmf-dist/tex/latex/l3backend/l3backend-pdftex.def)
No file Rd2.aux.
(d:/texlive/2023/texmf-dist/tex/context/base/mkii/supp-pdf.mkii
[Loading MPS to PDF converter (version 2006.09.02).]
) (d:/texlive/2023/texmf-dist/tex/latex/inconsolata/t1zi4.fd)
(d:/texlive/2023/texmf-dist/tex/latex/amsfonts/umsa.fd)
(d:/texlive/2023/texmf-dist/tex/latex/amsfonts/umsb.fd)
(d:/texlive/2023/texmf-dist/tex/latex/jknapltx/ursfs.fd)
(d:/texlive/2023/texmf-dist/tex/latex/psnfss/ts1ptm.fd)
No file Rd2.toc.
[1{d:/texlive/2023/texmf-var/fonts/map/pdftex/updmap/pdftex.map}{d:/texlive/202
3/texmf-dist/fonts/enc/dvips/base/8r.enc}{d:/texlive/2023/texmf-dist/fonts/enc/
dvips/inconsolata/i4-t1-0.enc}{d:/texlive/2023/texmf-dist/fonts/enc/dvips/cm-su
per/cm-super-ts1.enc}] [2] [3] [4] [5] [6] [7] [8] [9]
No file Rd2.ind.
[10] (./Rd2.aux)

Package rerunfilecheck Warning: File `Rd2.out' has changed.
(rerunfilecheck)                Rerun to get outlines right
(rerunfilecheck)                or use package `bookmark'.

 )<d:/texlive/2023/texmf-dist/fonts/type1/public/inconsolata/Inconsolata-zi4r.p
fb><d:/texlive/2023/texmf-dist/fonts/type1/public/cm-super/sfrm1000.pfb><d:/tex
live/2023/texmf-dist/fonts/type1/urw/times/utmb8a.pfb><d:/texlive/2023/texmf-di
st/fonts/type1/urw/times/utmr8a.pfb><d:/texlive/2023/texmf-dist/fonts/type1/urw
/times/utmr8a.pfb><d:/texlive/2023/texmf-dist/fonts/type1/urw/times/utmri8a.pfb
>
Output written on Rd2.pdf (10 pages, 100183 bytes).
Transcript written on Rd2.log.
This is makeindex, version 2.17 [TeX Live 2023] (kpathsea + Thai support).
Scanning input file Rd2.idx....done (7 entries accepted, 0 rejected).
Sorting entries....done (17 comparisons).
Generating output file Rd2.ind....done (17 lines written, 0 warnings).
Output written in Rd2.ind.
Transcript written in Rd2.ilg.
This is pdfTeX, Version 3.141592653-2.6-1.40.25 (TeX Live 2023) (preloaded format=pdflatex)
 restricted \write18 enabled.
entering extended mode
(./Rd2.tex
LaTeX2e <2022-11-01> patch level 1
L3 programming layer <2023-04-20>
(d:/texlive/2023/texmf-dist/tex/latex/base/book.cls
Document Class: book 2022/07/02 v1.4n Standard LaTeX document class
(d:/texlive/2023/texmf-dist/tex/latex/base/bk10.clo))
(d:/Program Files/R/R-4.4.1/share/texmf/tex/latex/Rd.sty
(d:/texlive/2023/texmf-dist/tex/latex/base/ifthen.sty)
(d:/texlive/2023/texmf-dist/tex/generic/iftex/iftex.sty)
(d:/texlive/2023/texmf-dist/tex/latex/tools/longtable.sty)
(d:/texlive/2023/texmf-dist/tex/latex/tools/bm.sty)
(d:/texlive/2023/texmf-dist/tex/latex/base/alltt.sty)
(d:/texlive/2023/texmf-dist/tex/latex/tools/verbatim.sty)
(d:/texlive/2023/texmf-dist/tex/latex/url/url.sty)
(d:/texlive/2023/texmf-dist/tex/latex/base/textcomp.sty)
(d:/texlive/2023/texmf-dist/tex/latex/amsmath/amsmath.sty
For additional information on amsmath, use the `?' option.
(d:/texlive/2023/texmf-dist/tex/latex/amsmath/amstext.sty
(d:/texlive/2023/texmf-dist/tex/latex/amsmath/amsgen.sty))
(d:/texlive/2023/texmf-dist/tex/latex/amsmath/amsbsy.sty)
(d:/texlive/2023/texmf-dist/tex/latex/amsmath/amsopn.sty))
(d:/texlive/2023/texmf-dist/tex/latex/amsfonts/amsfonts.sty)
(d:/texlive/2023/texmf-dist/tex/latex/amsfonts/amssymb.sty)
(d:/texlive/2023/texmf-dist/tex/latex/jknapltx/mathrsfs.sty)
(d:/texlive/2023/texmf-dist/tex/latex/base/fontenc.sty)
(d:/texlive/2023/texmf-dist/tex/latex/psnfss/times.sty)
(d:/texlive/2023/texmf-dist/tex/latex/inconsolata/zi4.sty
`inconsolata-zi4' v1.12, 2019/05/17 Text macros for Inconsolata (msharpe)
(d:/texlive/2023/texmf-dist/tex/latex/xkeyval/xkeyval.sty
(d:/texlive/2023/texmf-dist/tex/generic/xkeyval/xkeyval.tex
(d:/texlive/2023/texmf-dist/tex/generic/xkeyval/xkvutils.tex
(d:/texlive/2023/texmf-dist/tex/generic/xkeyval/keyval.tex)))))
(d:/texlive/2023/texmf-dist/tex/latex/graphics/color.sty
(d:/texlive/2023/texmf-dist/tex/latex/graphics-cfg/color.cfg)
(d:/texlive/2023/texmf-dist/tex/latex/graphics-def/pdftex.def)
(d:/texlive/2023/texmf-dist/tex/latex/graphics/mathcolor.ltx))
(d:/texlive/2023/texmf-dist/tex/latex/hyperref/hyperref.sty
(d:/texlive/2023/texmf-dist/tex/generic/ltxcmds/ltxcmds.sty)
(d:/texlive/2023/texmf-dist/tex/generic/pdftexcmds/pdftexcmds.sty
(d:/texlive/2023/texmf-dist/tex/generic/infwarerr/infwarerr.sty))
(d:/texlive/2023/texmf-dist/tex/latex/kvsetkeys/kvsetkeys.sty)
(d:/texlive/2023/texmf-dist/tex/generic/kvdefinekeys/kvdefinekeys.sty)
(d:/texlive/2023/texmf-dist/tex/generic/pdfescape/pdfescape.sty)
(d:/texlive/2023/texmf-dist/tex/latex/hycolor/hycolor.sty)
(d:/texlive/2023/texmf-dist/tex/latex/letltxmacro/letltxmacro.sty)
(d:/texlive/2023/texmf-dist/tex/latex/auxhook/auxhook.sty)
(d:/texlive/2023/texmf-dist/tex/latex/hyperref/nameref.sty
(d:/texlive/2023/texmf-dist/tex/latex/refcount/refcount.sty)
(d:/texlive/2023/texmf-dist/tex/generic/gettitlestring/gettitlestring.sty
(d:/texlive/2023/texmf-dist/tex/latex/kvoptions/kvoptions.sty)))
(d:/texlive/2023/texmf-dist/tex/latex/etoolbox/etoolbox.sty)
(d:/texlive/2023/texmf-dist/tex/latex/hyperref/pd1enc.def)
(d:/texlive/2023/texmf-dist/tex/generic/intcalc/intcalc.sty)
(d:/texlive/2023/texmf-dist/tex/latex/hyperref/puenc.def)
(d:/texlive/2023/texmf-dist/tex/generic/bitset/bitset.sty
(d:/texlive/2023/texmf-dist/tex/generic/bigintcalc/bigintcalc.sty))
(d:/texlive/2023/texmf-dist/tex/latex/base/atbegshi-ltx.sty))
(d:/texlive/2023/texmf-dist/tex/latex/hyperref/hpdftex.def
(d:/texlive/2023/texmf-dist/tex/latex/base/atveryend-ltx.sty)
(d:/texlive/2023/texmf-dist/tex/latex/rerunfilecheck/rerunfilecheck.sty
(d:/texlive/2023/texmf-dist/tex/generic/uniquecounter/uniquecounter.sty))))
(d:/texlive/2023/texmf-dist/tex/latex/base/makeidx.sty)
Writing index file Rd2.idx
(d:/texlive/2023/texmf-dist/tex/latex/psnfss/t1ptm.fd)
(d:/texlive/2023/texmf-dist/tex/latex/l3backend/l3backend-pdftex.def)
(./Rd2.aux) (d:/texlive/2023/texmf-dist/tex/context/base/mkii/supp-pdf.mkii
[Loading MPS to PDF converter (version 2006.09.02).]
) (./Rd2.out) (./Rd2.out)
(d:/texlive/2023/texmf-dist/tex/latex/inconsolata/t1zi4.fd)
(d:/texlive/2023/texmf-dist/tex/latex/amsfonts/umsa.fd)
(d:/texlive/2023/texmf-dist/tex/latex/amsfonts/umsb.fd)
(d:/texlive/2023/texmf-dist/tex/latex/jknapltx/ursfs.fd)
(d:/texlive/2023/texmf-dist/tex/latex/psnfss/ts1ptm.fd) (./Rd2.toc) [1{d:/texli
ve/2023/texmf-var/fonts/map/pdftex/updmap/pdftex.map}{d:/texlive/2023/texmf-dis
t/fonts/enc/dvips/base/8r.enc}{d:/texlive/2023/texmf-dist/fonts/enc/dvips/incon
solata/i4-t1-0.enc}{d:/texlive/2023/texmf-dist/fonts/enc/dvips/cm-super/cm-supe
r-ts1.enc}] [2] [3] [4] [5] [6] [7] [8] [9] (./Rd2.ind [10] [11]) (./Rd2.aux)

Package rerunfilecheck Warning: File `Rd2.out' has changed.
(rerunfilecheck)                Rerun to get outlines right
(rerunfilecheck)                or use package `bookmark'.

 )<d:/texlive/2023/texmf-dist/fonts/type1/public/inconsolata/Inconsolata-zi4r.p
fb><d:/texlive/2023/texmf-dist/fonts/type1/public/cm-super/sfrm1000.pfb><d:/tex
live/2023/texmf-dist/fonts/type1/urw/times/utmb8a.pfb><d:/texlive/2023/texmf-di
st/fonts/type1/urw/times/utmr8a.pfb><d:/texlive/2023/texmf-dist/fonts/type1/urw
/times/utmr8a.pfb><d:/texlive/2023/texmf-dist/fonts/type1/urw/times/utmri8a.pfb
>
Output written on Rd2.pdf (11 pages, 101894 bytes).
Transcript written on Rd2.log.
This is makeindex, version 2.17 [TeX Live 2023] (kpathsea + Thai support).
Scanning input file Rd2.idx....done (7 entries accepted, 0 rejected).
Sorting entries....done (17 comparisons).
Generating output file Rd2.ind....done (17 lines written, 0 warnings).
Output written in Rd2.ind.
Transcript written in Rd2.ilg.
This is pdfTeX, Version 3.141592653-2.6-1.40.25 (TeX Live 2023) (preloaded format=pdflatex)
 restricted \write18 enabled.
entering extended mode
(./Rd2.tex
LaTeX2e <2022-11-01> patch level 1
L3 programming layer <2023-04-20>
(d:/texlive/2023/texmf-dist/tex/latex/base/book.cls
Document Class: book 2022/07/02 v1.4n Standard LaTeX document class
(d:/texlive/2023/texmf-dist/tex/latex/base/bk10.clo))
(d:/Program Files/R/R-4.4.1/share/texmf/tex/latex/Rd.sty
(d:/texlive/2023/texmf-dist/tex/latex/base/ifthen.sty)
(d:/texlive/2023/texmf-dist/tex/generic/iftex/iftex.sty)
(d:/texlive/2023/texmf-dist/tex/latex/tools/longtable.sty)
(d:/texlive/2023/texmf-dist/tex/latex/tools/bm.sty)
(d:/texlive/2023/texmf-dist/tex/latex/base/alltt.sty)
(d:/texlive/2023/texmf-dist/tex/latex/tools/verbatim.sty)
(d:/texlive/2023/texmf-dist/tex/latex/url/url.sty)
(d:/texlive/2023/texmf-dist/tex/latex/base/textcomp.sty)
(d:/texlive/2023/texmf-dist/tex/latex/amsmath/amsmath.sty
For additional information on amsmath, use the `?' option.
(d:/texlive/2023/texmf-dist/tex/latex/amsmath/amstext.sty
(d:/texlive/2023/texmf-dist/tex/latex/amsmath/amsgen.sty))
(d:/texlive/2023/texmf-dist/tex/latex/amsmath/amsbsy.sty)
(d:/texlive/2023/texmf-dist/tex/latex/amsmath/amsopn.sty))
(d:/texlive/2023/texmf-dist/tex/latex/amsfonts/amsfonts.sty)
(d:/texlive/2023/texmf-dist/tex/latex/amsfonts/amssymb.sty)
(d:/texlive/2023/texmf-dist/tex/latex/jknapltx/mathrsfs.sty)
(d:/texlive/2023/texmf-dist/tex/latex/base/fontenc.sty)
(d:/texlive/2023/texmf-dist/tex/latex/psnfss/times.sty)
(d:/texlive/2023/texmf-dist/tex/latex/inconsolata/zi4.sty
`inconsolata-zi4' v1.12, 2019/05/17 Text macros for Inconsolata (msharpe)
(d:/texlive/2023/texmf-dist/tex/latex/xkeyval/xkeyval.sty
(d:/texlive/2023/texmf-dist/tex/generic/xkeyval/xkeyval.tex
(d:/texlive/2023/texmf-dist/tex/generic/xkeyval/xkvutils.tex
(d:/texlive/2023/texmf-dist/tex/generic/xkeyval/keyval.tex)))))
(d:/texlive/2023/texmf-dist/tex/latex/graphics/color.sty
(d:/texlive/2023/texmf-dist/tex/latex/graphics-cfg/color.cfg)
(d:/texlive/2023/texmf-dist/tex/latex/graphics-def/pdftex.def)
(d:/texlive/2023/texmf-dist/tex/latex/graphics/mathcolor.ltx))
(d:/texlive/2023/texmf-dist/tex/latex/hyperref/hyperref.sty
(d:/texlive/2023/texmf-dist/tex/generic/ltxcmds/ltxcmds.sty)
(d:/texlive/2023/texmf-dist/tex/generic/pdftexcmds/pdftexcmds.sty
(d:/texlive/2023/texmf-dist/tex/generic/infwarerr/infwarerr.sty))
(d:/texlive/2023/texmf-dist/tex/latex/kvsetkeys/kvsetkeys.sty)
(d:/texlive/2023/texmf-dist/tex/generic/kvdefinekeys/kvdefinekeys.sty)
(d:/texlive/2023/texmf-dist/tex/generic/pdfescape/pdfescape.sty)
(d:/texlive/2023/texmf-dist/tex/latex/hycolor/hycolor.sty)
(d:/texlive/2023/texmf-dist/tex/latex/letltxmacro/letltxmacro.sty)
(d:/texlive/2023/texmf-dist/tex/latex/auxhook/auxhook.sty)
(d:/texlive/2023/texmf-dist/tex/latex/hyperref/nameref.sty
(d:/texlive/2023/texmf-dist/tex/latex/refcount/refcount.sty)
(d:/texlive/2023/texmf-dist/tex/generic/gettitlestring/gettitlestring.sty
(d:/texlive/2023/texmf-dist/tex/latex/kvoptions/kvoptions.sty)))
(d:/texlive/2023/texmf-dist/tex/latex/etoolbox/etoolbox.sty)
(d:/texlive/2023/texmf-dist/tex/latex/hyperref/pd1enc.def)
(d:/texlive/2023/texmf-dist/tex/generic/intcalc/intcalc.sty)
(d:/texlive/2023/texmf-dist/tex/latex/hyperref/puenc.def)
(d:/texlive/2023/texmf-dist/tex/generic/bitset/bitset.sty
(d:/texlive/2023/texmf-dist/tex/generic/bigintcalc/bigintcalc.sty))
(d:/texlive/2023/texmf-dist/tex/latex/base/atbegshi-ltx.sty))
(d:/texlive/2023/texmf-dist/tex/latex/hyperref/hpdftex.def
(d:/texlive/2023/texmf-dist/tex/latex/base/atveryend-ltx.sty)
(d:/texlive/2023/texmf-dist/tex/latex/rerunfilecheck/rerunfilecheck.sty
(d:/texlive/2023/texmf-dist/tex/generic/uniquecounter/uniquecounter.sty))))
(d:/texlive/2023/texmf-dist/tex/latex/base/makeidx.sty)
Writing index file Rd2.idx
(d:/texlive/2023/texmf-dist/tex/latex/psnfss/t1ptm.fd)
(d:/texlive/2023/texmf-dist/tex/latex/l3backend/l3backend-pdftex.def)
(./Rd2.aux) (d:/texlive/2023/texmf-dist/tex/context/base/mkii/supp-pdf.mkii
[Loading MPS to PDF converter (version 2006.09.02).]
) (./Rd2.out) (./Rd2.out)
(d:/texlive/2023/texmf-dist/tex/latex/inconsolata/t1zi4.fd)
(d:/texlive/2023/texmf-dist/tex/latex/amsfonts/umsa.fd)
(d:/texlive/2023/texmf-dist/tex/latex/amsfonts/umsb.fd)
(d:/texlive/2023/texmf-dist/tex/latex/jknapltx/ursfs.fd)
(d:/texlive/2023/texmf-dist/tex/latex/psnfss/ts1ptm.fd) (./Rd2.toc) [1{d:/texli
ve/2023/texmf-var/fonts/map/pdftex/updmap/pdftex.map}{d:/texlive/2023/texmf-dis
t/fonts/enc/dvips/base/8r.enc}{d:/texlive/2023/texmf-dist/fonts/enc/dvips/incon
solata/i4-t1-0.enc}{d:/texlive/2023/texmf-dist/fonts/enc/dvips/cm-super/cm-supe
r-ts1.enc}] [2] [3] [4] [5] [6] [7] [8] [9] (./Rd2.ind [10] [11]) (./Rd2.aux) )
<d:/texlive/2023/texmf-dist/fonts/type1/public/inconsolata/Inconsolata-zi4r.pfb
><d:/texlive/2023/texmf-dist/fonts/type1/public/cm-super/sfrm1000.pfb><d:/texli
ve/2023/texmf-dist/fonts/type1/urw/times/utmb8a.pfb><d:/texlive/2023/texmf-dist
/fonts/type1/urw/times/utmr8a.pfb><d:/texlive/2023/texmf-dist/fonts/type1/urw/t
imes/utmr8a.pfb><d:/texlive/2023/texmf-dist/fonts/type1/urw/times/utmri8a.pfb>
Output written on Rd2.pdf (11 pages, 102067 bytes).
Transcript written on Rd2.log.
Saving output to 'MNormTest-manual.pdf' ...
Done
You may want to clean up by 'rm -Rf C:/Users/DELL/AppData/Local/Temp/RtmpoZ39qo/Rd2pdf3c1c7ec7aa8'
